I, [2019-12-17T12:02:51.484851 #30607]  INFO -- default-centos-610: -----> Cleaning up any prior instances of <default-centos-610>
I, [2019-12-17T12:02:51.521229 #30607]  INFO -- default-centos-610: -----> Destroying <default-centos-610>...
I, [2019-12-17T12:02:51.573848 #30607]  INFO -- default-centos-610: Cannot connect to the Docker daemon at unix:///var/run/docker.sock. Is the docker daemon running?
I, [2019-12-17T12:02:51.588142 #30607]  INFO -- default-centos-610: Finished destroying <default-centos-610> (0m0.06s).
I, [2019-12-17T12:02:51.588784 #30607]  INFO -- default-centos-610: -----> Testing <default-centos-610>
I, [2019-12-17T12:02:51.588964 #30607]  INFO -- default-centos-610: -----> Creating <default-centos-610>...
I, [2019-12-17T12:02:52.018699 #30607]  INFO -- default-centos-610: Cannot connect to the Docker daemon at unix:///var/run/docker.sock. Is the docker daemon running?
E, [2019-12-17T12:02:52.032723 #30607] ERROR -- default-centos-610: Create failed on instance <default-centos-610>.
E, [2019-12-17T12:02:52.032884 #30607] ERROR -- default-centos-610: ------Exception-------
E, [2019-12-17T12:02:52.032916 #30607] ERROR -- default-centos-610: Class: Kitchen::ShellOut::ShellCommandFailed
E, [2019-12-17T12:02:52.032939 #30607] ERROR -- default-centos-610: Message: Expected process to exit with [0], but received '1'
---- Begin output of docker -H unix:///var/run/docker.sock build -f Dockerfile-kitchen20191217-30607-9zrieg . ----
STDOUT: 
STDERR: Cannot connect to the Docker daemon at unix:///var/run/docker.sock. Is the docker daemon running?
---- End output of docker -H unix:///var/run/docker.sock build -f Dockerfile-kitchen20191217-30607-9zrieg . ----
Ran docker -H unix:///var/run/docker.sock build -f Dockerfile-kitchen20191217-30607-9zrieg . returned 1
E, [2019-12-17T12:02:52.032960 #30607] ERROR -- default-centos-610: ----------------------
E, [2019-12-17T12:02:52.032984 #30607] ERROR -- default-centos-610: ------Backtrace-------
E, [2019-12-17T12:02:52.033003 #30607] ERROR -- default-centos-610: /opt/chefdk/embedded/lib/ruby/gems/2.6.0/gems/test-kitchen-2.3.4/lib/kitchen/shell_out.rb:71:in `rescue in run_command'
E, [2019-12-17T12:02:52.033023 #30607] ERROR -- default-centos-610: /opt/chefdk/embedded/lib/ruby/gems/2.6.0/gems/test-kitchen-2.3.4/lib/kitchen/shell_out.rb:58:in `run_command'
E, [2019-12-17T12:02:52.033042 #30607] ERROR -- default-centos-610: /Users/td033744/.chefdk/gem/ruby/2.6.0/gems/kitchen-docker-2.9.0/lib/kitchen/driver/docker.rb:163:in `docker_command'
E, [2019-12-17T12:02:52.033061 #30607] ERROR -- default-centos-610: /Users/td033744/.chefdk/gem/ruby/2.6.0/gems/kitchen-docker-2.9.0/lib/kitchen/driver/docker.rb:330:in `build_image'
E, [2019-12-17T12:02:52.033082 #30607] ERROR -- default-centos-610: /Users/td033744/.chefdk/gem/ruby/2.6.0/gems/kitchen-docker-2.9.0/lib/kitchen/driver/docker.rb:122:in `create'
E, [2019-12-17T12:02:52.033103 #30607] ERROR -- default-centos-610: /opt/chefdk/embedded/lib/ruby/gems/2.6.0/gems/test-kitchen-2.3.4/lib/kitchen/instance.rb:485:in `public_send'
E, [2019-12-17T12:02:52.033123 #30607] ERROR -- default-centos-610: /opt/chefdk/embedded/lib/ruby/gems/2.6.0/gems/test-kitchen-2.3.4/lib/kitchen/instance.rb:485:in `block in perform_action'
E, [2019-12-17T12:02:52.033141 #30607] ERROR -- default-centos-610: /opt/chefdk/embedded/lib/ruby/gems/2.6.0/gems/test-kitchen-2.3.4/lib/kitchen/instance.rb:552:in `synchronize_or_call'
E, [2019-12-17T12:02:52.033161 #30607] ERROR -- default-centos-610: /opt/chefdk/embedded/lib/ruby/gems/2.6.0/gems/test-kitchen-2.3.4/lib/kitchen/instance.rb:514:in `block in action'
E, [2019-12-17T12:02:52.033179 #30607] ERROR -- default-centos-610: /opt/chefdk/embedded/lib/ruby/2.6.0/benchmark.rb:293:in `measure'
E, [2019-12-17T12:02:52.033198 #30607] ERROR -- default-centos-610: /opt/chefdk/embedded/lib/ruby/gems/2.6.0/gems/test-kitchen-2.3.4/lib/kitchen/instance.rb:513:in `action'
E, [2019-12-17T12:02:52.033221 #30607] ERROR -- default-centos-610: /opt/chefdk/embedded/lib/ruby/gems/2.6.0/gems/test-kitchen-2.3.4/lib/kitchen/instance.rb:485:in `perform_action'
E, [2019-12-17T12:02:52.033256 #30607] ERROR -- default-centos-610: /opt/chefdk/embedded/lib/ruby/gems/2.6.0/gems/test-kitchen-2.3.4/lib/kitchen/instance.rb:394:in `create_action'
E, [2019-12-17T12:02:52.033273 #30607] ERROR -- default-centos-610: /opt/chefdk/embedded/lib/ruby/gems/2.6.0/gems/test-kitchen-2.3.4/lib/kitchen/instance.rb:382:in `block (2 levels) in transition_to'
E, [2019-12-17T12:02:52.033288 #30607] ERROR -- default-centos-610: /opt/chefdk/embedded/lib/ruby/gems/2.6.0/gems/test-kitchen-2.3.4/lib/kitchen/lifecycle_hooks.rb:45:in `run_with_hooks'
E, [2019-12-17T12:02:52.033306 #30607] ERROR -- default-centos-610: /opt/chefdk/embedded/lib/ruby/gems/2.6.0/gems/test-kitchen-2.3.4/lib/kitchen/instance.rb:381:in `block in transition_to'
E, [2019-12-17T12:02:52.033321 #30607] ERROR -- default-centos-610: /opt/chefdk/embedded/lib/ruby/gems/2.6.0/gems/test-kitchen-2.3.4/lib/kitchen/instance.rb:380:in `each'
E, [2019-12-17T12:02:52.033340 #30607] ERROR -- default-centos-610: /opt/chefdk/embedded/lib/ruby/gems/2.6.0/gems/test-kitchen-2.3.4/lib/kitchen/instance.rb:380:in `transition_to'
E, [2019-12-17T12:02:52.033356 #30607] ERROR -- default-centos-610: /opt/chefdk/embedded/lib/ruby/gems/2.6.0/gems/test-kitchen-2.3.4/lib/kitchen/instance.rb:162:in `verify'
E, [2019-12-17T12:02:52.033371 #30607] ERROR -- default-centos-610: /opt/chefdk/embedded/lib/ruby/gems/2.6.0/gems/test-kitchen-2.3.4/lib/kitchen/instance.rb:191:in `block in test'
E, [2019-12-17T12:02:52.033387 #30607] ERROR -- default-centos-610: /opt/chefdk/embedded/lib/ruby/2.6.0/benchmark.rb:293:in `measure'
E, [2019-12-17T12:02:52.033408 #30607] ERROR -- default-centos-610: /opt/chefdk/embedded/lib/ruby/gems/2.6.0/gems/test-kitchen-2.3.4/lib/kitchen/instance.rb:187:in `test'
E, [2019-12-17T12:02:52.033426 #30607] ERROR -- default-centos-610: /opt/chefdk/embedded/lib/ruby/gems/2.6.0/gems/test-kitchen-2.3.4/lib/kitchen/command.rb:198:in `public_send'
E, [2019-12-17T12:02:52.033443 #30607] ERROR -- default-centos-610: /opt/chefdk/embedded/lib/ruby/gems/2.6.0/gems/test-kitchen-2.3.4/lib/kitchen/command.rb:198:in `run_action_in_thread'
E, [2019-12-17T12:02:52.033461 #30607] ERROR -- default-centos-610: /opt/chefdk/embedded/lib/ruby/gems/2.6.0/gems/test-kitchen-2.3.4/lib/kitchen/command.rb:169:in `block (2 levels) in run_action'
E, [2019-12-17T12:02:52.033476 #30607] ERROR -- default-centos-610: ----End Backtrace-----
E, [2019-12-17T12:02:52.033492 #30607] ERROR -- default-centos-610: ---Nested Exception---
E, [2019-12-17T12:02:52.033506 #30607] ERROR -- default-centos-610: Class: Mixlib::ShellOut::ShellCommandFailed
E, [2019-12-17T12:02:52.033521 #30607] ERROR -- default-centos-610: Message: Expected process to exit with [0], but received '1'
---- Begin output of docker -H unix:///var/run/docker.sock build -f Dockerfile-kitchen20191217-30607-9zrieg . ----
STDOUT: 
STDERR: Cannot connect to the Docker daemon at unix:///var/run/docker.sock. Is the docker daemon running?
---- End output of docker -H unix:///var/run/docker.sock build -f Dockerfile-kitchen20191217-30607-9zrieg . ----
Ran docker -H unix:///var/run/docker.sock build -f Dockerfile-kitchen20191217-30607-9zrieg . returned 1
E, [2019-12-17T12:02:52.033539 #30607] ERROR -- default-centos-610: ----------------------
E, [2019-12-17T12:02:52.033554 #30607] ERROR -- default-centos-610: ------Backtrace-------
E, [2019-12-17T12:02:52.033569 #30607] ERROR -- default-centos-610: /opt/chefdk/embedded/lib/ruby/gems/2.6.0/gems/test-kitchen-2.3.4/lib/kitchen/shell_out.rb:71:in `rescue in run_command'
E, [2019-12-17T12:02:52.033585 #30607] ERROR -- default-centos-610: /opt/chefdk/embedded/lib/ruby/gems/2.6.0/gems/test-kitchen-2.3.4/lib/kitchen/shell_out.rb:58:in `run_command'
E, [2019-12-17T12:02:52.033600 #30607] ERROR -- default-centos-610: /Users/td033744/.chefdk/gem/ruby/2.6.0/gems/kitchen-docker-2.9.0/lib/kitchen/driver/docker.rb:163:in `docker_command'
E, [2019-12-17T12:02:52.033620 #30607] ERROR -- default-centos-610: /Users/td033744/.chefdk/gem/ruby/2.6.0/gems/kitchen-docker-2.9.0/lib/kitchen/driver/docker.rb:330:in `build_image'
E, [2019-12-17T12:02:52.033649 #30607] ERROR -- default-centos-610: /Users/td033744/.chefdk/gem/ruby/2.6.0/gems/kitchen-docker-2.9.0/lib/kitchen/driver/docker.rb:122:in `create'
E, [2019-12-17T12:02:52.033666 #30607] ERROR -- default-centos-610: /opt/chefdk/embedded/lib/ruby/gems/2.6.0/gems/test-kitchen-2.3.4/lib/kitchen/instance.rb:485:in `public_send'
E, [2019-12-17T12:02:52.033681 #30607] ERROR -- default-centos-610: /opt/chefdk/embedded/lib/ruby/gems/2.6.0/gems/test-kitchen-2.3.4/lib/kitchen/instance.rb:485:in `block in perform_action'
E, [2019-12-17T12:02:52.033697 #30607] ERROR -- default-centos-610: /opt/chefdk/embedded/lib/ruby/gems/2.6.0/gems/test-kitchen-2.3.4/lib/kitchen/instance.rb:552:in `synchronize_or_call'
E, [2019-12-17T12:02:52.033714 #30607] ERROR -- default-centos-610: /opt/chefdk/embedded/lib/ruby/gems/2.6.0/gems/test-kitchen-2.3.4/lib/kitchen/instance.rb:514:in `block in action'
E, [2019-12-17T12:02:52.033730 #30607] ERROR -- default-centos-610: /opt/chefdk/embedded/lib/ruby/2.6.0/benchmark.rb:293:in `measure'
E, [2019-12-17T12:02:52.033745 #30607] ERROR -- default-centos-610: /opt/chefdk/embedded/lib/ruby/gems/2.6.0/gems/test-kitchen-2.3.4/lib/kitchen/instance.rb:513:in `action'
E, [2019-12-17T12:02:52.033760 #30607] ERROR -- default-centos-610: /opt/chefdk/embedded/lib/ruby/gems/2.6.0/gems/test-kitchen-2.3.4/lib/kitchen/instance.rb:485:in `perform_action'
E, [2019-12-17T12:02:52.033775 #30607] ERROR -- default-centos-610: /opt/chefdk/embedded/lib/ruby/gems/2.6.0/gems/test-kitchen-2.3.4/lib/kitchen/instance.rb:394:in `create_action'
E, [2019-12-17T12:02:52.033791 #30607] ERROR -- default-centos-610: /opt/chefdk/embedded/lib/ruby/gems/2.6.0/gems/test-kitchen-2.3.4/lib/kitchen/instance.rb:382:in `block (2 levels) in transition_to'
E, [2019-12-17T12:02:52.033811 #30607] ERROR -- default-centos-610: /opt/chefdk/embedded/lib/ruby/gems/2.6.0/gems/test-kitchen-2.3.4/lib/kitchen/lifecycle_hooks.rb:45:in `run_with_hooks'
E, [2019-12-17T12:02:52.033826 #30607] ERROR -- default-centos-610: /opt/chefdk/embedded/lib/ruby/gems/2.6.0/gems/test-kitchen-2.3.4/lib/kitchen/instance.rb:381:in `block in transition_to'
E, [2019-12-17T12:02:52.033841 #30607] ERROR -- default-centos-610: /opt/chefdk/embedded/lib/ruby/gems/2.6.0/gems/test-kitchen-2.3.4/lib/kitchen/instance.rb:380:in `each'
E, [2019-12-17T12:02:52.033857 #30607] ERROR -- default-centos-610: /opt/chefdk/embedded/lib/ruby/gems/2.6.0/gems/test-kitchen-2.3.4/lib/kitchen/instance.rb:380:in `transition_to'
E, [2019-12-17T12:02:52.033872 #30607] ERROR -- default-centos-610: /opt/chefdk/embedded/lib/ruby/gems/2.6.0/gems/test-kitchen-2.3.4/lib/kitchen/instance.rb:162:in `verify'
E, [2019-12-17T12:02:52.033887 #30607] ERROR -- default-centos-610: /opt/chefdk/embedded/lib/ruby/gems/2.6.0/gems/test-kitchen-2.3.4/lib/kitchen/instance.rb:191:in `block in test'
E, [2019-12-17T12:02:52.033905 #30607] ERROR -- default-centos-610: /opt/chefdk/embedded/lib/ruby/2.6.0/benchmark.rb:293:in `measure'
E, [2019-12-17T12:02:52.033921 #30607] ERROR -- default-centos-610: /opt/chefdk/embedded/lib/ruby/gems/2.6.0/gems/test-kitchen-2.3.4/lib/kitchen/instance.rb:187:in `test'
E, [2019-12-17T12:02:52.033936 #30607] ERROR -- default-centos-610: /opt/chefdk/embedded/lib/ruby/gems/2.6.0/gems/test-kitchen-2.3.4/lib/kitchen/command.rb:198:in `public_send'
E, [2019-12-17T12:02:52.033951 #30607] ERROR -- default-centos-610: /opt/chefdk/embedded/lib/ruby/gems/2.6.0/gems/test-kitchen-2.3.4/lib/kitchen/command.rb:198:in `run_action_in_thread'
E, [2019-12-17T12:02:52.033966 #30607] ERROR -- default-centos-610: /opt/chefdk/embedded/lib/ruby/gems/2.6.0/gems/test-kitchen-2.3.4/lib/kitchen/command.rb:169:in `block (2 levels) in run_action'
E, [2019-12-17T12:02:52.033988 #30607] ERROR -- default-centos-610: ----End Backtrace-----
