I, [2019-12-17T12:02:47.640164 #30607]  INFO -- Kitchen: -----> Starting Test Kitchen (v2.3.4)
I, [2019-12-17T12:02:51.484769 #30607]  INFO -- Kitchen: -----> Cleaning up any prior instances of <default-centos-610>
I, [2019-12-17T12:02:51.521156 #30607]  INFO -- Kitchen: -----> Destroying <default-centos-610>...
I, [2019-12-17T12:02:51.588670 #30607]  INFO -- Kitchen: -----> Testing <default-centos-610>
I, [2019-12-17T12:02:51.588924 #30607]  INFO -- Kitchen: -----> Creating <default-centos-610>...
E, [2019-12-17T12:02:52.035136 #30607] ERROR -- Kitchen: ------Exception-------
E, [2019-12-17T12:02:52.035225 #30607] ERROR -- Kitchen: Class: Kitchen::ActionFailed
E, [2019-12-17T12:02:52.035271 #30607] ERROR -- Kitchen: Message: 1 actions failed.
>>>>>>     Failed to complete #create action: [Expected process to exit with [0], but received '1'
---- Begin output of docker -H unix:///var/run/docker.sock build -f Dockerfile-kitchen20191217-30607-9zrieg . ----
STDOUT: 
STDERR: Cannot connect to the Docker daemon at unix:///var/run/docker.sock. Is the docker daemon running?
---- End output of docker -H unix:///var/run/docker.sock build -f Dockerfile-kitchen20191217-30607-9zrieg . ----
Ran docker -H unix:///var/run/docker.sock build -f Dockerfile-kitchen20191217-30607-9zrieg . returned 1] on default-centos-610
E, [2019-12-17T12:02:52.035304 #30607] ERROR -- Kitchen: ----------------------
E, [2019-12-17T12:02:52.035326 #30607] ERROR -- Kitchen: ------Backtrace-------
E, [2019-12-17T12:02:52.035347 #30607] ERROR -- Kitchen: /opt/chefdk/embedded/lib/ruby/gems/2.6.0/gems/test-kitchen-2.3.4/lib/kitchen/command.rb:184:in `report_errors'
E, [2019-12-17T12:02:52.035369 #30607] ERROR -- Kitchen: /opt/chefdk/embedded/lib/ruby/gems/2.6.0/gems/test-kitchen-2.3.4/lib/kitchen/command.rb:175:in `run_action'
E, [2019-12-17T12:02:52.035389 #30607] ERROR -- Kitchen: /opt/chefdk/embedded/lib/ruby/gems/2.6.0/gems/test-kitchen-2.3.4/lib/kitchen/command/test.rb:42:in `block in call'
E, [2019-12-17T12:02:52.035410 #30607] ERROR -- Kitchen: /opt/chefdk/embedded/lib/ruby/2.6.0/benchmark.rb:293:in `measure'
E, [2019-12-17T12:02:52.035434 #30607] ERROR -- Kitchen: /opt/chefdk/embedded/lib/ruby/gems/2.6.0/gems/test-kitchen-2.3.4/lib/kitchen/command/test.rb:38:in `call'
E, [2019-12-17T12:02:52.035460 #30607] ERROR -- Kitchen: /opt/chefdk/embedded/lib/ruby/gems/2.6.0/gems/test-kitchen-2.3.4/lib/kitchen/cli.rb:52:in `perform'
E, [2019-12-17T12:02:52.035482 #30607] ERROR -- Kitchen: /opt/chefdk/embedded/lib/ruby/gems/2.6.0/gems/test-kitchen-2.3.4/lib/kitchen/cli.rb:250:in `test'
E, [2019-12-17T12:02:52.035502 #30607] ERROR -- Kitchen: /opt/chefdk/embedded/lib/ruby/gems/2.6.0/gems/thor-0.20.3/lib/thor/command.rb:27:in `run'
E, [2019-12-17T12:02:52.035523 #30607] ERROR -- Kitchen: /opt/chefdk/embedded/lib/ruby/gems/2.6.0/gems/thor-0.20.3/lib/thor/invocation.rb:126:in `invoke_command'
E, [2019-12-17T12:02:52.035543 #30607] ERROR -- Kitchen: /opt/chefdk/embedded/lib/ruby/gems/2.6.0/gems/thor-0.20.3/lib/thor.rb:387:in `dispatch'
E, [2019-12-17T12:02:52.035567 #30607] ERROR -- Kitchen: /opt/chefdk/embedded/lib/ruby/gems/2.6.0/gems/thor-0.20.3/lib/thor/base.rb:466:in `start'
E, [2019-12-17T12:02:52.035587 #30607] ERROR -- Kitchen: /opt/chefdk/embedded/lib/ruby/gems/2.6.0/gems/test-kitchen-2.3.4/bin/kitchen:13:in `block in <top (required)>'
E, [2019-12-17T12:02:52.035607 #30607] ERROR -- Kitchen: /opt/chefdk/embedded/lib/ruby/gems/2.6.0/gems/test-kitchen-2.3.4/lib/kitchen/errors.rb:171:in `with_friendly_errors'
E, [2019-12-17T12:02:52.035628 #30607] ERROR -- Kitchen: /opt/chefdk/embedded/lib/ruby/gems/2.6.0/gems/test-kitchen-2.3.4/bin/kitchen:13:in `<top (required)>'
E, [2019-12-17T12:02:52.035648 #30607] ERROR -- Kitchen: /usr/local/bin/kitchen:353:in `load'
E, [2019-12-17T12:02:52.035668 #30607] ERROR -- Kitchen: /usr/local/bin/kitchen:353:in `<main>'
E, [2019-12-17T12:02:52.035687 #30607] ERROR -- Kitchen: ----End Backtrace-----
E, [2019-12-17T12:02:52.035707 #30607] ERROR -- Kitchen: -Composite Exception--
E, [2019-12-17T12:02:52.035727 #30607] ERROR -- Kitchen: Class: Kitchen::ActionFailed
E, [2019-12-17T12:02:52.035762 #30607] ERROR -- Kitchen: Message: Failed to complete #create action: [Expected process to exit with [0], but received '1'
---- Begin output of docker -H unix:///var/run/docker.sock build -f Dockerfile-kitchen20191217-30607-9zrieg . ----
STDOUT: 
STDERR: Cannot connect to the Docker daemon at unix:///var/run/docker.sock. Is the docker daemon running?
---- End output of docker -H unix:///var/run/docker.sock build -f Dockerfile-kitchen20191217-30607-9zrieg . ----
Ran docker -H unix:///var/run/docker.sock build -f Dockerfile-kitchen20191217-30607-9zrieg . returned 1] on default-centos-610
E, [2019-12-17T12:02:52.035780 #30607] ERROR -- Kitchen: ----------------------
E, [2019-12-17T12:02:52.035815 #30607] ERROR -- Kitchen: ------Backtrace-------
E, [2019-12-17T12:02:52.035832 #30607] ERROR -- Kitchen: /opt/chefdk/embedded/lib/ruby/gems/2.6.0/gems/test-kitchen-2.3.4/lib/kitchen/shell_out.rb:71:in `rescue in run_command'
E, [2019-12-17T12:02:52.035851 #30607] ERROR -- Kitchen: /opt/chefdk/embedded/lib/ruby/gems/2.6.0/gems/test-kitchen-2.3.4/lib/kitchen/shell_out.rb:58:in `run_command'
E, [2019-12-17T12:02:52.035869 #30607] ERROR -- Kitchen: /Users/td033744/.chefdk/gem/ruby/2.6.0/gems/kitchen-docker-2.9.0/lib/kitchen/driver/docker.rb:163:in `docker_command'
E, [2019-12-17T12:02:52.035885 #30607] ERROR -- Kitchen: /Users/td033744/.chefdk/gem/ruby/2.6.0/gems/kitchen-docker-2.9.0/lib/kitchen/driver/docker.rb:330:in `build_image'
E, [2019-12-17T12:02:52.035902 #30607] ERROR -- Kitchen: /Users/td033744/.chefdk/gem/ruby/2.6.0/gems/kitchen-docker-2.9.0/lib/kitchen/driver/docker.rb:122:in `create'
E, [2019-12-17T12:02:52.035922 #30607] ERROR -- Kitchen: /opt/chefdk/embedded/lib/ruby/gems/2.6.0/gems/test-kitchen-2.3.4/lib/kitchen/instance.rb:485:in `public_send'
E, [2019-12-17T12:02:52.035941 #30607] ERROR -- Kitchen: /opt/chefdk/embedded/lib/ruby/gems/2.6.0/gems/test-kitchen-2.3.4/lib/kitchen/instance.rb:485:in `block in perform_action'
E, [2019-12-17T12:02:52.035958 #30607] ERROR -- Kitchen: /opt/chefdk/embedded/lib/ruby/gems/2.6.0/gems/test-kitchen-2.3.4/lib/kitchen/instance.rb:552:in `synchronize_or_call'
E, [2019-12-17T12:02:52.035975 #30607] ERROR -- Kitchen: /opt/chefdk/embedded/lib/ruby/gems/2.6.0/gems/test-kitchen-2.3.4/lib/kitchen/instance.rb:514:in `block in action'
E, [2019-12-17T12:02:52.035991 #30607] ERROR -- Kitchen: /opt/chefdk/embedded/lib/ruby/2.6.0/benchmark.rb:293:in `measure'
E, [2019-12-17T12:02:52.036008 #30607] ERROR -- Kitchen: /opt/chefdk/embedded/lib/ruby/gems/2.6.0/gems/test-kitchen-2.3.4/lib/kitchen/instance.rb:513:in `action'
E, [2019-12-17T12:02:52.036029 #30607] ERROR -- Kitchen: /opt/chefdk/embedded/lib/ruby/gems/2.6.0/gems/test-kitchen-2.3.4/lib/kitchen/instance.rb:485:in `perform_action'
E, [2019-12-17T12:02:52.036046 #30607] ERROR -- Kitchen: /opt/chefdk/embedded/lib/ruby/gems/2.6.0/gems/test-kitchen-2.3.4/lib/kitchen/instance.rb:394:in `create_action'
E, [2019-12-17T12:02:52.036062 #30607] ERROR -- Kitchen: /opt/chefdk/embedded/lib/ruby/gems/2.6.0/gems/test-kitchen-2.3.4/lib/kitchen/instance.rb:382:in `block (2 levels) in transition_to'
E, [2019-12-17T12:02:52.036079 #30607] ERROR -- Kitchen: /opt/chefdk/embedded/lib/ruby/gems/2.6.0/gems/test-kitchen-2.3.4/lib/kitchen/lifecycle_hooks.rb:45:in `run_with_hooks'
E, [2019-12-17T12:02:52.036096 #30607] ERROR -- Kitchen: /opt/chefdk/embedded/lib/ruby/gems/2.6.0/gems/test-kitchen-2.3.4/lib/kitchen/instance.rb:381:in `block in transition_to'
E, [2019-12-17T12:02:52.036115 #30607] ERROR -- Kitchen: /opt/chefdk/embedded/lib/ruby/gems/2.6.0/gems/test-kitchen-2.3.4/lib/kitchen/instance.rb:380:in `each'
E, [2019-12-17T12:02:52.036132 #30607] ERROR -- Kitchen: /opt/chefdk/embedded/lib/ruby/gems/2.6.0/gems/test-kitchen-2.3.4/lib/kitchen/instance.rb:380:in `transition_to'
E, [2019-12-17T12:02:52.036148 #30607] ERROR -- Kitchen: /opt/chefdk/embedded/lib/ruby/gems/2.6.0/gems/test-kitchen-2.3.4/lib/kitchen/instance.rb:162:in `verify'
E, [2019-12-17T12:02:52.036165 #30607] ERROR -- Kitchen: /opt/chefdk/embedded/lib/ruby/gems/2.6.0/gems/test-kitchen-2.3.4/lib/kitchen/instance.rb:191:in `block in test'
E, [2019-12-17T12:02:52.036196 #30607] ERROR -- Kitchen: /opt/chefdk/embedded/lib/ruby/2.6.0/benchmark.rb:293:in `measure'
E, [2019-12-17T12:02:52.036219 #30607] ERROR -- Kitchen: /opt/chefdk/embedded/lib/ruby/gems/2.6.0/gems/test-kitchen-2.3.4/lib/kitchen/instance.rb:187:in `test'
E, [2019-12-17T12:02:52.036238 #30607] ERROR -- Kitchen: /opt/chefdk/embedded/lib/ruby/gems/2.6.0/gems/test-kitchen-2.3.4/lib/kitchen/command.rb:198:in `public_send'
E, [2019-12-17T12:02:52.036258 #30607] ERROR -- Kitchen: /opt/chefdk/embedded/lib/ruby/gems/2.6.0/gems/test-kitchen-2.3.4/lib/kitchen/command.rb:198:in `run_action_in_thread'
E, [2019-12-17T12:02:52.036275 #30607] ERROR -- Kitchen: /opt/chefdk/embedded/lib/ruby/gems/2.6.0/gems/test-kitchen-2.3.4/lib/kitchen/command.rb:169:in `block (2 levels) in run_action'
E, [2019-12-17T12:02:52.036291 #30607] ERROR -- Kitchen: ----End Backtrace-----
E, [2019-12-17T12:02:52.036308 #30607] ERROR -- Kitchen: ---Nested Exception---
E, [2019-12-17T12:02:52.036324 #30607] ERROR -- Kitchen: Class: Kitchen::ActionFailed
E, [2019-12-17T12:02:52.036342 #30607] ERROR -- Kitchen: Message: Failed to complete #create action: [Expected process to exit with [0], but received '1'
---- Begin output of docker -H unix:///var/run/docker.sock build -f Dockerfile-kitchen20191217-30607-9zrieg . ----
STDOUT: 
STDERR: Cannot connect to the Docker daemon at unix:///var/run/docker.sock. Is the docker daemon running?
---- End output of docker -H unix:///var/run/docker.sock build -f Dockerfile-kitchen20191217-30607-9zrieg . ----
Ran docker -H unix:///var/run/docker.sock build -f Dockerfile-kitchen20191217-30607-9zrieg . returned 1]
E, [2019-12-17T12:02:52.036359 #30607] ERROR -- Kitchen: ----------------------
E, [2019-12-17T12:02:52.036378 #30607] ERROR -- Kitchen: ------Backtrace-------
E, [2019-12-17T12:02:52.036394 #30607] ERROR -- Kitchen: /opt/chefdk/embedded/lib/ruby/gems/2.6.0/gems/test-kitchen-2.3.4/lib/kitchen/shell_out.rb:71:in `rescue in run_command'
E, [2019-12-17T12:02:52.036411 #30607] ERROR -- Kitchen: /opt/chefdk/embedded/lib/ruby/gems/2.6.0/gems/test-kitchen-2.3.4/lib/kitchen/shell_out.rb:58:in `run_command'
E, [2019-12-17T12:02:52.036430 #30607] ERROR -- Kitchen: /Users/td033744/.chefdk/gem/ruby/2.6.0/gems/kitchen-docker-2.9.0/lib/kitchen/driver/docker.rb:163:in `docker_command'
E, [2019-12-17T12:02:52.036447 #30607] ERROR -- Kitchen: /Users/td033744/.chefdk/gem/ruby/2.6.0/gems/kitchen-docker-2.9.0/lib/kitchen/driver/docker.rb:330:in `build_image'
E, [2019-12-17T12:02:52.036463 #30607] ERROR -- Kitchen: /Users/td033744/.chefdk/gem/ruby/2.6.0/gems/kitchen-docker-2.9.0/lib/kitchen/driver/docker.rb:122:in `create'
E, [2019-12-17T12:02:52.036480 #30607] ERROR -- Kitchen: /opt/chefdk/embedded/lib/ruby/gems/2.6.0/gems/test-kitchen-2.3.4/lib/kitchen/instance.rb:485:in `public_send'
E, [2019-12-17T12:02:52.036496 #30607] ERROR -- Kitchen: /opt/chefdk/embedded/lib/ruby/gems/2.6.0/gems/test-kitchen-2.3.4/lib/kitchen/instance.rb:485:in `block in perform_action'
E, [2019-12-17T12:02:52.036513 #30607] ERROR -- Kitchen: /opt/chefdk/embedded/lib/ruby/gems/2.6.0/gems/test-kitchen-2.3.4/lib/kitchen/instance.rb:552:in `synchronize_or_call'
E, [2019-12-17T12:02:52.036532 #30607] ERROR -- Kitchen: /opt/chefdk/embedded/lib/ruby/gems/2.6.0/gems/test-kitchen-2.3.4/lib/kitchen/instance.rb:514:in `block in action'
E, [2019-12-17T12:02:52.036550 #30607] ERROR -- Kitchen: /opt/chefdk/embedded/lib/ruby/2.6.0/benchmark.rb:293:in `measure'
E, [2019-12-17T12:02:52.036567 #30607] ERROR -- Kitchen: /opt/chefdk/embedded/lib/ruby/gems/2.6.0/gems/test-kitchen-2.3.4/lib/kitchen/instance.rb:513:in `action'
E, [2019-12-17T12:02:52.036584 #30607] ERROR -- Kitchen: /opt/chefdk/embedded/lib/ruby/gems/2.6.0/gems/test-kitchen-2.3.4/lib/kitchen/instance.rb:485:in `perform_action'
E, [2019-12-17T12:02:52.036600 #30607] ERROR -- Kitchen: /opt/chefdk/embedded/lib/ruby/gems/2.6.0/gems/test-kitchen-2.3.4/lib/kitchen/instance.rb:394:in `create_action'
E, [2019-12-17T12:02:52.036617 #30607] ERROR -- Kitchen: /opt/chefdk/embedded/lib/ruby/gems/2.6.0/gems/test-kitchen-2.3.4/lib/kitchen/instance.rb:382:in `block (2 levels) in transition_to'
E, [2019-12-17T12:02:52.036648 #30607] ERROR -- Kitchen: /opt/chefdk/embedded/lib/ruby/gems/2.6.0/gems/test-kitchen-2.3.4/lib/kitchen/lifecycle_hooks.rb:45:in `run_with_hooks'
E, [2019-12-17T12:02:52.036666 #30607] ERROR -- Kitchen: /opt/chefdk/embedded/lib/ruby/gems/2.6.0/gems/test-kitchen-2.3.4/lib/kitchen/instance.rb:381:in `block in transition_to'
E, [2019-12-17T12:02:52.036683 #30607] ERROR -- Kitchen: /opt/chefdk/embedded/lib/ruby/gems/2.6.0/gems/test-kitchen-2.3.4/lib/kitchen/instance.rb:380:in `each'
E, [2019-12-17T12:02:52.036700 #30607] ERROR -- Kitchen: /opt/chefdk/embedded/lib/ruby/gems/2.6.0/gems/test-kitchen-2.3.4/lib/kitchen/instance.rb:380:in `transition_to'
E, [2019-12-17T12:02:52.036716 #30607] ERROR -- Kitchen: /opt/chefdk/embedded/lib/ruby/gems/2.6.0/gems/test-kitchen-2.3.4/lib/kitchen/instance.rb:162:in `verify'
E, [2019-12-17T12:02:52.036735 #30607] ERROR -- Kitchen: /opt/chefdk/embedded/lib/ruby/gems/2.6.0/gems/test-kitchen-2.3.4/lib/kitchen/instance.rb:191:in `block in test'
E, [2019-12-17T12:02:52.036754 #30607] ERROR -- Kitchen: /opt/chefdk/embedded/lib/ruby/2.6.0/benchmark.rb:293:in `measure'
E, [2019-12-17T12:02:52.036770 #30607] ERROR -- Kitchen: /opt/chefdk/embedded/lib/ruby/gems/2.6.0/gems/test-kitchen-2.3.4/lib/kitchen/instance.rb:187:in `test'
E, [2019-12-17T12:02:52.036787 #30607] ERROR -- Kitchen: /opt/chefdk/embedded/lib/ruby/gems/2.6.0/gems/test-kitchen-2.3.4/lib/kitchen/command.rb:198:in `public_send'
E, [2019-12-17T12:02:52.036803 #30607] ERROR -- Kitchen: /opt/chefdk/embedded/lib/ruby/gems/2.6.0/gems/test-kitchen-2.3.4/lib/kitchen/command.rb:198:in `run_action_in_thread'
E, [2019-12-17T12:02:52.036820 #30607] ERROR -- Kitchen: /opt/chefdk/embedded/lib/ruby/gems/2.6.0/gems/test-kitchen-2.3.4/lib/kitchen/command.rb:169:in `block (2 levels) in run_action'
E, [2019-12-17T12:02:52.036839 #30607] ERROR -- Kitchen: ----End Backtrace-----
